Crashlog created at 2015-09-10 23:06:52 +0200

===== MESSAGE:

Errno::EADDRINUSE: Address already in use - bind(2) for 0.0.0.0:3000

===== COMPILATION STACK:

  (empty)

===== STACK TRACE:

  0. /home/ofcapl/.rvm/rubies/ruby-2.2.2/lib/ruby/2.2.0/socket.rb:206:in `bind'
  1. /home/ofcapl/.rvm/rubies/ruby-2.2.2/lib/ruby/2.2.0/socket.rb:206:in `listen'
  2. /home/ofcapl/.rvm/rubies/ruby-2.2.2/lib/ruby/2.2.0/socket.rb:461:in `block in tcp_server_sockets'
  3. /home/ofcapl/.rvm/rubies/ruby-2.2.2/lib/ruby/2.2.0/socket.rb:232:in `each'
  4. /home/ofcapl/.rvm/rubies/ruby-2.2.2/lib/ruby/2.2.0/socket.rb:232:in `foreach'
  5. /home/ofcapl/.rvm/rubies/ruby-2.2.2/lib/ruby/2.2.0/socket.rb:459:in `tcp_server_sockets'
  6. /home/ofcapl/.rvm/rubies/ruby-2.2.2/lib/ruby/2.2.0/webrick/utils.rb:70:in `create_listeners'
  7. /home/ofcapl/.rvm/rubies/ruby-2.2.2/lib/ruby/2.2.0/webrick/server.rb:133:in `listen'
  8. /home/ofcapl/.rvm/rubies/ruby-2.2.2/lib/ruby/2.2.0/webrick/server.rb:114:in `initialize'
  9. /home/ofcapl/.rvm/rubies/ruby-2.2.2/lib/ruby/2.2.0/webrick/httpserver.rb:45:in `initialize'
  10. /home/ofcapl/.rvm/gems/ruby-2.2.2/gems/rack-1.6.1/lib/rack/handler/webrick.rb:32:in `new'
  11. /home/ofcapl/.rvm/gems/ruby-2.2.2/gems/rack-1.6.1/lib/rack/handler/webrick.rb:32:in `run'
  12. /home/ofcapl/.rvm/gems/ruby-2.2.2/gems/nanoc-3.8.0/lib/nanoc/cli/commands/autocompile.rb:64:in `run'
  13. /home/ofcapl/.rvm/gems/ruby-2.2.2/gems/nanoc-3.8.0/lib/nanoc/cli/command_runner.rb:12:in `block in call'
  14. /home/ofcapl/.rvm/gems/ruby-2.2.2/gems/nanoc-3.8.0/lib/nanoc/cli/error_handler.rb:72:in `handle_while'
  15. /home/ofcapl/.rvm/gems/ruby-2.2.2/gems/nanoc-3.8.0/lib/nanoc/cli/error_handler.rb:24:in `handle_while'
  16. /home/ofcapl/.rvm/gems/ruby-2.2.2/gems/nanoc-3.8.0/lib/nanoc/cli/command_runner.rb:11:in `call'
  17. /home/ofcapl/.rvm/gems/ruby-2.2.2/gems/cri-2.7.0/lib/cri/command_dsl.rb:233:in `block in runner'
  18. /home/ofcapl/.rvm/gems/ruby-2.2.2/gems/cri-2.7.0/lib/cri/command.rb:294:in `call'
  19. /home/ofcapl/.rvm/gems/ruby-2.2.2/gems/cri-2.7.0/lib/cri/command.rb:294:in `run_this'
  20. /home/ofcapl/.rvm/gems/ruby-2.2.2/gems/cri-2.7.0/lib/cri/command.rb:247:in `run'
  21. /home/ofcapl/.rvm/gems/ruby-2.2.2/gems/cri-2.7.0/lib/cri/command.rb:260:in `run'
  22. /home/ofcapl/.rvm/gems/ruby-2.2.2/gems/nanoc-3.8.0/lib/nanoc/cli.rb:58:in `block in run'
  23. /home/ofcapl/.rvm/gems/ruby-2.2.2/gems/nanoc-3.8.0/lib/nanoc/cli/error_handler.rb:72:in `handle_while'
  24. /home/ofcapl/.rvm/gems/ruby-2.2.2/gems/nanoc-3.8.0/lib/nanoc/cli/error_handler.rb:24:in `handle_while'
  25. /home/ofcapl/.rvm/gems/ruby-2.2.2/gems/nanoc-3.8.0/lib/nanoc/cli.rb:56:in `run'
  26. /home/ofcapl/.rvm/gems/ruby-2.2.2/gems/nanoc-3.8.0/bin/nanoc:25:in `<top (required)>'
  27. /home/ofcapl/.rvm/gems/ruby-2.2.2/bin/nanoc:23:in `load'
  28. /home/ofcapl/.rvm/gems/ruby-2.2.2/bin/nanoc:23:in `<main>'
  29. /home/ofcapl/.rvm/gems/ruby-2.2.2/bin/ruby_executable_hooks:15:in `eval'

===== VERSION INFORMATION:

nanoc 3.8.0 © 2007-2015 Denis Defreyne.
Running ruby 2.2.2 (2015-04-13) on x86_64-linux with RubyGems 2.4.7.

===== SYSTEM INFORMATION:

Linux ofcapl-UX32LN 3.16.0-48-generic #64~14.04.1-Ubuntu SMP Thu Aug 20 23:03:57 UTC 2015 x86_64 x86_64 x86_64 GNU/Linux

===== INSTALLED GEMS:

  actionmailer 4.2.1
  actionpack 4.2.1
  actionview 4.2.1
  activejob 4.2.1
  activemodel 4.2.1
  activerecord 4.2.1
  activesupport 4.2.1
  arel 6.0.0
  bigdecimal 1.2.6
  builder 3.2.2
  bundler 1.9.9
  bundler-unload 1.0.2
  colored 1.2
  cri 2.7.0
  erubis 2.7.0
  executable-hooks 1.3.2
  gem-wrappers 1.2.7
  globalid 0.3.5
  haml 4.0.6
  i18n 0.7.0
  io-console 0.4.3
  json 1.8.1
  kramdown 1.7.0
  loofah 2.0.2
  mail 2.6.3
  mime-types 2.5
  mini_portile 0.6.2
  minitest 5.4.3
  nanoc 3.8.0
  nokogiri 1.6.6.2
  power_assert 0.2.2
  psych 2.0.8
  rack 1.6.1
  rack-test 0.6.3
  rails 4.2.1
  rails-deprecated_sanitizer 1.0.3
  rails-dom-testing 1.0.6
  rails-html-sanitizer 1.0.2
  railties 4.2.1
  rake 10.4.2
  rdoc 4.2.0
  rubygems-bundler 1.4.4
  rubygems-update 2.4.7
  rvm 1.11.3.9
  sprockets 3.1.0
  sprockets-rails 2.3.1
  test-unit 3.0.8
  thor 0.19.1
  thread_safe 0.3.5
  tilt 2.0.1
  tzinfo 1.2.2

===== ENVIRONMENT:

CLUTTER_IM_MODULE => "xim"
COMP_WORDBREAKS => " \t\n\"'><;|&(:"
DBUS_SESSION_BUS_ADDRESS => "unix:abstract=/tmp/dbus-bwxvFEXykK,guid=79caa89e8bc19209943f4c3a55f1c9d5"
DEFAULTS_PATH => "/usr/share/gconf/pantheon.default.path"
DESKTOP_SESSION => "pantheon"
DISPLAY => ":0"
GDMSESSION => "pantheon"
GDM_LANG => "en_US"
GEM_HOME => "/home/ofcapl/.rvm/gems/ruby-2.2.2"
GEM_PATH => "/home/ofcapl/.rvm/gems/ruby-2.2.2:/home/ofcapl/.rvm/gems/ruby-2.2.2@global"
GIO_LAUNCHED_DESKTOP_FILE => "/usr/share/applications/pantheon-terminal.desktop"
GIO_LAUNCHED_DESKTOP_FILE_PID => "2964"
GNOME_DESKTOP_SESSION_ID => "this-is-deprecated"
GNOME_KEYRING_CONTROL => "/run/user/1000/keyring-P92y8c"
GNOME_KEYRING_PID => "1364"
GPG_AGENT_INFO => "/run/user/1000/keyring-P92y8c/gpg:0:1"
GTK_CSD => "1"
GTK_IM_MODULE => "ibus"
GTK_MODULES => "pantheon-filechooser-module"
HOME => "/home/ofcapl"
IRBRC => "/home/ofcapl/.rvm/rubies/ruby-2.2.2/.irbrc"
LANG => "en_US.UTF-8"
LANGUAGE => "en_US"
LC_ADDRESS => "en_US.UTF-8"
LC_IDENTIFICATION => "en_US.UTF-8"
LC_MEASUREMENT => "en_US.UTF-8"
LC_MONETARY => "en_US.UTF-8"
LC_NAME => "en_US.UTF-8"
LC_NUMERIC => "en_US.UTF-8"
LC_PAPER => "en_US.UTF-8"
LC_TELEPHONE => "en_US.UTF-8"
LC_TIME => "en_US.UTF-8"
LESSCLOSE => "/usr/bin/lesspipe %s %s"
LESSOPEN => "| /usr/bin/lesspipe %s"
LOGNAME => "ofcapl"
LS_COLORS => "rs=0:di=01;34:ln=01;36:mh=00:pi=40;33:so=01;35:do=01;35:bd=40;33;01:cd=40;33;01:or=40;31;01:su=37;41:sg=30;43:ca=30;41:tw=30;42:ow=34;42:st=37;44:ex=01;32:*.tar=01;31:*.tgz=01;31:*.arj=01;31:*.taz=01;31:*.lzh=01;31:*.lzma=01;31:*.tlz=01;31:*.txz=01;31:*.zip=01;31:*.z=01;31:*.Z=01;31:*.dz=01;31:*.gz=01;31:*.lz=01;31:*.xz=01;31:*.bz2=01;31:*.bz=01;31:*.tbz=01;31:*.tbz2=01;31:*.tz=01;31:*.deb=01;31:*.rpm=01;31:*.jar=01;31:*.war=01;31:*.ear=01;31:*.sar=01;31:*.rar=01;31:*.ace=01;31:*.zoo=01;31:*.cpio=01;31:*.7z=01;31:*.rz=01;31:*.jpg=01;35:*.jpeg=01;35:*.gif=01;35:*.bmp=01;35:*.pbm=01;35:*.pgm=01;35:*.ppm=01;35:*.tga=01;35:*.xbm=01;35:*.xpm=01;35:*.tif=01;35:*.tiff=01;35:*.png=01;35:*.svg=01;35:*.svgz=01;35:*.mng=01;35:*.pcx=01;35:*.mov=01;35:*.mpg=01;35:*.mpeg=01;35:*.m2v=01;35:*.mkv=01;35:*.webm=01;35:*.ogm=01;35:*.mp4=01;35:*.m4v=01;35:*.mp4v=01;35:*.vob=01;35:*.qt=01;35:*.nuv=01;35:*.wmv=01;35:*.asf=01;35:*.rm=01;35:*.rmvb=01;35:*.flc=01;35:*.avi=01;35:*.fli=01;35:*.flv=01;35:*.gl=01;35:*.dl=01;35:*.xcf=01;35:*.xwd=01;35:*.yuv=01;35:*.cgm=01;35:*.emf=01;35:*.axv=01;35:*.anx=01;35:*.ogv=01;35:*.ogx=01;35:*.aac=00;36:*.au=00;36:*.flac=00;36:*.mid=00;36:*.midi=00;36:*.mka=00;36:*.mp3=00;36:*.mpc=00;36:*.ogg=00;36:*.ra=00;36:*.wav=00;36:*.axa=00;36:*.oga=00;36:*.spx=00;36:*.xspf=00;36:"
MANDATORY_PATH => "/usr/share/gconf/pantheon.mandatory.path"
MY_RUBY_HOME => "/home/ofcapl/.rvm/rubies/ruby-2.2.2"
OLDPWD => "/home/ofcapl"
PANTHEON_TERMINAL_ID => "1"
PAPERSIZE => "letter"
PATH => "/home/ofcapl/.rvm/gems/ruby-2.2.2/bin:/home/ofcapl/.rvm/gems/ruby-2.2.2@global/bin:/home/ofcapl/.rvm/rubies/ruby-2.2.2/bin:/usr/local/sbin:/usr/local/bin:/usr/sbin:/usr/bin:/sbin:/bin:/usr/games:/usr/local/games:/home/ofcapl/.rvm/bin:/home/ofcapl/.rvm/bin"
PROMPT_COMMAND => "__bp_precmd_invoke_cmd; dbus-send --type=method_call --session --dest=net.launchpad.pantheon-terminal /net/launchpad/pantheon_terminal org.pantheon.terminal.ProcessFinished string:$PANTHEON_TERMINAL_ID string:\"$(history 1 | cut -c 8-)\" >/dev/null 2>&1;  __bp_interactive_mode;"
PWD => "/home/ofcapl/Projects/lukaszkups.net"
QT4_IM_MODULE => "xim"
QT_IM_MODULE => "ibus"
RUBY_VERSION => "ruby-2.2.2"
SESSION_MANAGER => "local/ofcapl-UX32LN:@/tmp/.ICE-unix/1368,unix/ofcapl-UX32LN:/tmp/.ICE-unix/1368"
SHELL => "/bin/bash"
SHLVL => "1"
SSH_AGENT_PID => "1502"
SSH_AUTH_SOCK => "/run/user/1000/keyring-P92y8c/ssh"
TERM => "xterm"
TEXTDOMAIN => "im-config"
TEXTDOMAINDIR => "/usr/share/locale/"
USER => "ofcapl"
VTE_VERSION => "3409"
XAUTHORITY => "/home/ofcapl/.Xauthority"
XDG_CONFIG_DIRS => "/etc/xdg/xdg-pantheon:/etc/xdg"
XDG_CURRENT_DESKTOP => "Pantheon"
XDG_DATA_DIRS => "/usr/share/pantheon:/usr/local/share/:/usr/share/"
XDG_GREETER_DATA_DIR => "/var/lib/lightdm-data/ofcapl"
XDG_MENU_PREFIX => "gnome-"
XDG_RUNTIME_DIR => "/run/user/1000"
XDG_SEAT => "seat0"
XDG_SEAT_PATH => "/org/freedesktop/DisplayManager/Seat0"
XDG_SESSION_ID => "c2"
XDG_SESSION_PATH => "/org/freedesktop/DisplayManager/Session0"
XDG_VTNR => "7"
XMODIFIERS => "@im=ibus"
_ => "/home/ofcapl/.rvm/gems/ruby-2.2.2/bin/nanoc"
_ORIGINAL_GEM_PATH => "/home/ofcapl/.rvm/gems/ruby-2.2.2:/home/ofcapl/.rvm/gems/ruby-2.2.2@global"
_system_arch => "x86_64"
_system_name => "Debian"
_system_type => "Linux"
_system_version => "jessie_sid"
rvm_bin_path => "/home/ofcapl/.rvm/bin"
rvm_path => "/home/ofcapl/.rvm"
rvm_prefix => "/home/ofcapl"
rvm_version => "1.26.11 (latest)"

===== LOAD PATHS:

  0. /home/ofcapl/.rvm/gems/ruby-2.2.2/gems/nanoc-3.8.0/lib
  1. /home/ofcapl/.rvm/gems/ruby-2.2.2@global/gems/executable-hooks-1.3.2/lib
  2. /home/ofcapl/.rvm/gems/ruby-2.2.2@global/extensions/x86_64-linux/2.2.0/executable-hooks-1.3.2
  3. /home/ofcapl/.rvm/gems/ruby-2.2.2@global/gems/bundler-unload-1.0.2/lib
  4. /home/ofcapl/.rvm/gems/ruby-2.2.2@global/gems/rubygems-bundler-1.4.4/lib
  5. /home/ofcapl/.rvm/gems/ruby-2.2.2/gems/bundler-1.9.9/lib
  6. /home/ofcapl/.rvm/gems/ruby-2.2.2/gems/colored-1.2/lib
  7. /home/ofcapl/.rvm/gems/ruby-2.2.2/gems/cri-2.7.0/lib
  8. /home/ofcapl/.rvm/gems/ruby-2.2.2/gems/nanoc-3.8.0/lib
  9. /home/ofcapl/.rvm/gems/ruby-2.2.2/gems/rack-1.6.1/lib
  10. /home/ofcapl/.rvm/gems/ruby-2.2.2/gems/mime-types-2.5/lib
  11. /home/ofcapl/.rvm/rubies/ruby-2.2.2/lib/ruby/site_ruby/2.2.0
  12. /home/ofcapl/.rvm/rubies/ruby-2.2.2/lib/ruby/site_ruby/2.2.0/x86_64-linux
  13. /home/ofcapl/.rvm/rubies/ruby-2.2.2/lib/ruby/site_ruby
  14. /home/ofcapl/.rvm/rubies/ruby-2.2.2/lib/ruby/vendor_ruby/2.2.0
  15. /home/ofcapl/.rvm/rubies/ruby-2.2.2/lib/ruby/vendor_ruby/2.2.0/x86_64-linux
  16. /home/ofcapl/.rvm/rubies/ruby-2.2.2/lib/ruby/vendor_ruby
  17. /home/ofcapl/.rvm/rubies/ruby-2.2.2/lib/ruby/2.2.0
  18. /home/ofcapl/.rvm/rubies/ruby-2.2.2/lib/ruby/2.2.0/x86_64-linux
